<?xml version="1.0" encoding="UTF-8"?>
<testsuite xmlns:xsi="http://www.w3.org/2001/XMLSchema-instance" xsi:noNamespaceSchemaLocation="https://maven.apache.org/surefire/maven-surefire-plugin/xsd/surefire-test-report-3.0.xsd" version="3.0" name="examples.ExamplesTest" time="3.622" tests="1" errors="0" skipped="0" failures="1">
  <properties>
    <property name="java.specification.version" value="17"/>
    <property name="sun.cpu.isalist" value="amd64"/>
    <property name="sun.jnu.encoding" value="Cp1252"/>
    <property name="java.class.path" value="D:\com.jbenterprice\target\test-classes;D:\com.jbenterprice\target\classes;C:\Users\Isabel\.m2\repository\com\intuit\karate\karate-junit5\1.4.1\karate-junit5-1.4.1.jar;C:\Users\Isabel\.m2\repository\com\intuit\karate\karate-core\1.4.1\karate-core-1.4.1.jar;C:\Users\Isabel\.m2\repository\org\graalvm\js\js-scriptengine\22.3.3\js-scriptengine-22.3.3.jar;C:\Users\Isabel\.m2\repository\org\graalvm\sdk\graal-sdk\22.3.3\graal-sdk-22.3.3.jar;C:\Users\Isabel\.m2\repository\org\graalvm\js\js\22.3.3\js-22.3.3.jar;C:\Users\Isabel\.m2\repository\org\graalvm\regex\regex\22.3.3\regex-22.3.3.jar;C:\Users\Isabel\.m2\repository\org\graalvm\truffle\truffle-api\22.3.3\truffle-api-22.3.3.jar;C:\Users\Isabel\.m2\repository\com\ibm\icu\icu4j\71.1\icu4j-71.1.jar;C:\Users\Isabel\.m2\repository\org\thymeleaf\thymeleaf\3.1.2.RELEASE\thymeleaf-3.1.2.RELEASE.jar;C:\Users\Isabel\.m2\repository\ognl\ognl\3.3.4\ognl-3.3.4.jar;C:\Users\Isabel\.m2\repository\org\javassist\javassist\3.29.0-GA\javassist-3.29.0-GA.jar;C:\Users\Isabel\.m2\repository\org\attoparser\attoparser\2.0.7.RELEASE\attoparser-2.0.7.RELEASE.jar;C:\Users\Isabel\.m2\repository\org\unbescape\unbescape\1.1.6.RELEASE\unbescape-1.1.6.RELEASE.jar;C:\Users\Isabel\.m2\repository\org\slf4j\slf4j-api\2.0.7\slf4j-api-2.0.7.jar;C:\Users\Isabel\.m2\repository\com\linecorp\armeria\armeria\1.25.2\armeria-1.25.2.jar;C:\Users\Isabel\.m2\repository\com\fasterxml\jackson\core\jackson-core\2.15.2\jackson-core-2.15.2.jar;C:\Users\Isabel\.m2\repository\com\fasterxml\jackson\core\jackson-annotations\2.15.2\jackson-annotations-2.15.2.jar;C:\Users\Isabel\.m2\repository\com\fasterxml\jackson\core\jackson-databind\2.15.2\jackson-databind-2.15.2.jar;C:\Users\Isabel\.m2\repository\com\fasterxml\jackson\datatype\jackson-datatype-jdk8\2.15.2\jackson-datatype-jdk8-2.15.2.jar;C:\Users\Isabel\.m2\repository\com\fasterxml\jackson\datatype\jackson-datatype-jsr310\2.15.2\jackson-datatype-jsr310-2.15.2.jar;C:\Users\Isabel\.m2\repository\io\micrometer\micrometer-core\1.11.3\micrometer-core-1.11.3.jar;C:\Users\Isabel\.m2\repository\io\micrometer\micrometer-commons\1.11.3\micrometer-commons-1.11.3.jar;C:\Users\Isabel\.m2\repository\io\micrometer\micrometer-observation\1.11.3\micrometer-observation-1.11.3.jar;C:\Users\Isabel\.m2\repository\org\hdrhistogram\HdrHistogram\2.1.12\HdrHistogram-2.1.12.jar;C:\Users\Isabel\.m2\repository\org\latencyutils\LatencyUtils\2.0.3\LatencyUtils-2.0.3.jar;C:\Users\Isabel\.m2\repository\io\netty\netty-transport\4.1.96.Final\netty-transport-4.1.96.Final.jar;C:\Users\Isabel\.m2\repository\io\netty\netty-common\4.1.96.Final\netty-common-4.1.96.Final.jar;C:\Users\Isabel\.m2\repository\io\netty\netty-buffer\4.1.96.Final\netty-buffer-4.1.96.Final.jar;C:\Users\Isabel\.m2\repository\io\netty\netty-resolver\4.1.96.Final\netty-resolver-4.1.96.Final.jar;C:\Users\Isabel\.m2\repository\io\netty\netty-codec-haproxy\4.1.96.Final\netty-codec-haproxy-4.1.96.Final.jar;C:\Users\Isabel\.m2\repository\io\netty\netty-codec\4.1.96.Final\netty-codec-4.1.96.Final.jar;C:\Users\Isabel\.m2\repository\io\netty\netty-codec-http2\4.1.96.Final\netty-codec-http2-4.1.96.Final.jar;C:\Users\Isabel\.m2\repository\io\netty\netty-handler\4.1.96.Final\netty-handler-4.1.96.Final.jar;C:\Users\Isabel\.m2\repository\io\netty\netty-codec-http\4.1.96.Final\netty-codec-http-4.1.96.Final.jar;C:\Users\Isabel\.m2\repository\io\netty\netty-resolver-dns\4.1.96.Final\netty-resolver-dns-4.1.96.Final.jar;C:\Users\Isabel\.m2\repository\io\netty\netty-codec-dns\4.1.96.Final\netty-codec-dns-4.1.96.Final.jar;C:\Users\Isabel\.m2\repository\org\reactivestreams\reactive-streams\1.0.4\reactive-streams-1.0.4.jar;C:\Users\Isabel\.m2\repository\com\google\code\findbugs\jsr305\3.0.2\jsr305-3.0.2.jar;C:\Users\Isabel\.m2\repository\io\netty\netty-handler-proxy\4.1.96.Final\netty-handler-proxy-4.1.96.Final.jar;C:\Users\Isabel\.m2\repository\io\netty\netty-codec-socks\4.1.96.Final\netty-codec-socks-4.1.96.Final.jar;C:\Users\Isabel\.m2\repository\io\netty\netty-transport-native-unix-common\4.1.96.Final\netty-transport-native-unix-common-4.1.96.Final-linux-x86_64.jar;C:\Users\Isabel\.m2\repository\io\netty\netty-transport-native-epoll\4.1.96.Final\netty-transport-native-epoll-4.1.96.Final-linux-x86_64.jar;C:\Users\Isabel\.m2\repository\io\netty\netty-transport-native-unix-common\4.1.96.Final\netty-transport-native-unix-common-4.1.96.Final.jar;C:\Users\Isabel\.m2\repository\io\netty\netty-transport-classes-epoll\4.1.96.Final\netty-transport-classes-epoll-4.1.96.Final.jar;C:\Users\Isabel\.m2\repository\io\netty\netty-transport-native-unix-common\4.1.96.Final\netty-transport-native-unix-common-4.1.96.Final-linux-aarch_64.jar;C:\Users\Isabel\.m2\repository\io\netty\netty-transport-native-epoll\4.1.96.Final\netty-transport-native-epoll-4.1.96.Final-linux-aarch_64.jar;C:\Users\Isabel\.m2\repository\io\netty\netty-transport-native-unix-common\4.1.96.Final\netty-transport-native-unix-common-4.1.96.Final-osx-x86_64.jar;C:\Users\Isabel\.m2\repository\io\netty\netty-transport-native-kqueue\4.1.96.Final\netty-transport-native-kqueue-4.1.96.Final-osx-x86_64.jar;C:\Users\Isabel\.m2\repository\io\netty\netty-transport-classes-kqueue\4.1.96.Final\netty-transport-classes-kqueue-4.1.96.Final.jar;C:\Users\Isabel\.m2\repository\io\netty\netty-resolver-dns-native-macos\4.1.96.Final\netty-resolver-dns-native-macos-4.1.96.Final-osx-x86_64.jar;C:\Users\Isabel\.m2\repository\io\netty\netty-resolver-dns-classes-macos\4.1.96.Final\netty-resolver-dns-classes-macos-4.1.96.Final.jar;C:\Users\Isabel\.m2\repository\io\netty\netty-transport-native-unix-common\4.1.96.Final\netty-transport-native-unix-common-4.1.96.Final-osx-aarch_64.jar;C:\Users\Isabel\.m2\repository\io\netty\netty-transport-native-kqueue\4.1.96.Final\netty-transport-native-kqueue-4.1.96.Final-osx-aarch_64.jar;C:\Users\Isabel\.m2\repository\io\netty\netty-resolver-dns-native-macos\4.1.96.Final\netty-resolver-dns-native-macos-4.1.96.Final-osx-aarch_64.jar;C:\Users\Isabel\.m2\repository\io\netty\netty-tcnative-boringssl-static\2.0.61.Final\netty-tcnative-boringssl-static-2.0.61.Final-linux-x86_64.jar;C:\Users\Isabel\.m2\repository\io\netty\netty-tcnative-classes\2.0.61.Final\netty-tcnative-classes-2.0.61.Final.jar;C:\Users\Isabel\.m2\repository\io\netty\netty-tcnative-boringssl-static\2.0.61.Final\netty-tcnative-boringssl-static-2.0.61.Final-linux-aarch_64.jar;C:\Users\Isabel\.m2\repository\io\netty\netty-tcnative-boringssl-static\2.0.61.Final\netty-tcnative-boringssl-static-2.0.61.Final-osx-x86_64.jar;C:\Users\Isabel\.m2\repository\io\netty\netty-tcnative-boringssl-static\2.0.61.Final\netty-tcnative-boringssl-static-2.0.61.Final-osx-aarch_64.jar;C:\Users\Isabel\.m2\repository\io\netty\netty-tcnative-boringssl-static\2.0.61.Final\netty-tcnative-boringssl-static-2.0.61.Final-windows-x86_64.jar;C:\Users\Isabel\.m2\repository\com\aayushatharva\brotli4j\brotli4j\1.12.0\brotli4j-1.12.0.jar;C:\Users\Isabel\.m2\repository\com\aayushatharva\brotli4j\service\1.12.0\service-1.12.0.jar;C:\Users\Isabel\.m2\repository\com\aayushatharva\brotli4j\native-windows-x86_64\1.12.0\native-windows-x86_64-1.12.0.jar;C:\Users\Isabel\.m2\repository\org\apache\httpcomponents\httpclient\4.5.14\httpclient-4.5.14.jar;C:\Users\Isabel\.m2\repository\org\apache\httpcomponents\httpcore\4.4.16\httpcore-4.4.16.jar;C:\Users\Isabel\.m2\repository\commons-codec\commons-codec\1.16.0\commons-codec-1.16.0.jar;C:\Users\Isabel\.m2\repository\ch\qos\logback\logback-classic\1.4.11\logback-classic-1.4.11.jar;C:\Users\Isabel\.m2\repository\ch\qos\logback\logback-core\1.4.11\logback-core-1.4.11.jar;C:\Users\Isabel\.m2\repository\org\slf4j\jcl-over-slf4j\2.0.9\jcl-over-slf4j-2.0.9.jar;C:\Users\Isabel\.m2\repository\org\antlr\antlr4-runtime\4.11.1\antlr4-runtime-4.11.1.jar;C:\Users\Isabel\.m2\repository\com\jayway\jsonpath\json-path\2.8.0\json-path-2.8.0.jar;C:\Users\Isabel\.m2\repository\net\minidev\json-smart\2.4.10\json-smart-2.4.10.jar;C:\Users\Isabel\.m2\repository\net\minidev\accessors-smart\2.4.9\accessors-smart-2.4.9.jar;C:\Users\Isabel\.m2\repository\org\ow2\asm\asm\9.3\asm-9.3.jar;C:\Users\Isabel\.m2\repository\org\yaml\snakeyaml\2.0\snakeyaml-2.0.jar;C:\Users\Isabel\.m2\repository\de\siegmar\fastcsv\2.2.1\fastcsv-2.2.1.jar;C:\Users\Isabel\.m2\repository\info\picocli\picocli\4.7.1\picocli-4.7.1.jar;C:\Users\Isabel\.m2\repository\io\github\classgraph\classgraph\4.8.160\classgraph-4.8.160.jar;C:\Users\Isabel\.m2\repository\io\github\t12y\resemble\1.0.2\resemble-1.0.2.jar;C:\Users\Isabel\.m2\repository\io\github\t12y\ssim\1.0.0\ssim-1.0.0.jar;C:\Users\Isabel\.m2\repository\org\junit\jupiter\junit-jupiter-api\5.9.3\junit-jupiter-api-5.9.3.jar;C:\Users\Isabel\.m2\repository\org\opentest4j\opentest4j\1.2.0\opentest4j-1.2.0.jar;C:\Users\Isabel\.m2\repository\org\junit\platform\junit-platform-commons\1.9.3\junit-platform-commons-1.9.3.jar;C:\Users\Isabel\.m2\repository\org\apiguardian\apiguardian-api\1.1.2\apiguardian-api-1.1.2.jar;C:\Users\Isabel\.m2\repository\org\junit\jupiter\junit-jupiter-engine\5.9.3\junit-jupiter-engine-5.9.3.jar;C:\Users\Isabel\.m2\repository\org\junit\platform\junit-platform-engine\1.9.3\junit-platform-engine-1.9.3.jar;"/>
    <property name="java.vm.vendor" value="Eclipse Adoptium"/>
    <property name="sun.arch.data.model" value="64"/>
    <property name="user.variant" value=""/>
    <property name="java.vendor.url" value="https://adoptium.net/"/>
    <property name="user.timezone" value="America/Lima"/>
    <property name="os.name" value="Windows 10"/>
    <property name="java.vm.specification.version" value="17"/>
    <property name="sun.java.launcher" value="SUN_STANDARD"/>
    <property name="user.country" value="PE"/>
    <property name="sun.boot.library.path" value="C:\Users\Isabel\Downloads\sts-4.22.0.RELEASE\plugins\org.eclipse.justj.openjdk.hotspot.jre.full.win32.x86_64_17.0.10.v20240120-1143\jre\bin"/>
    <property name="Karate.options" value=" --tag @eliminar,@modificar,@createinvalidos"/>
    <property name="sun.java.command" value="C:\Users\Isabel\AppData\Local\Temp\surefire12790122141093463855\surefirebooter-20240423005954612_3.jar C:\Users\Isabel\AppData\Local\Temp\surefire12790122141093463855 2024-04-23T00-59-54_498-jvmRun1 surefire-20240423005954612_1tmp surefire_0-20240423005954612_2tmp"/>
    <property name="jdk.debug" value="release"/>
    <property name="surefire.test.class.path" value="D:\com.jbenterprice\target\test-classes;D:\com.jbenterprice\target\classes;C:\Users\Isabel\.m2\repository\com\intuit\karate\karate-junit5\1.4.1\karate-junit5-1.4.1.jar;C:\Users\Isabel\.m2\repository\com\intuit\karate\karate-core\1.4.1\karate-core-1.4.1.jar;C:\Users\Isabel\.m2\repository\org\graalvm\js\js-scriptengine\22.3.3\js-scriptengine-22.3.3.jar;C:\Users\Isabel\.m2\repository\org\graalvm\sdk\graal-sdk\22.3.3\graal-sdk-22.3.3.jar;C:\Users\Isabel\.m2\repository\org\graalvm\js\js\22.3.3\js-22.3.3.jar;C:\Users\Isabel\.m2\repository\org\graalvm\regex\regex\22.3.3\regex-22.3.3.jar;C:\Users\Isabel\.m2\repository\org\graalvm\truffle\truffle-api\22.3.3\truffle-api-22.3.3.jar;C:\Users\Isabel\.m2\repository\com\ibm\icu\icu4j\71.1\icu4j-71.1.jar;C:\Users\Isabel\.m2\repository\org\thymeleaf\thymeleaf\3.1.2.RELEASE\thymeleaf-3.1.2.RELEASE.jar;C:\Users\Isabel\.m2\repository\ognl\ognl\3.3.4\ognl-3.3.4.jar;C:\Users\Isabel\.m2\repository\org\javassist\javassist\3.29.0-GA\javassist-3.29.0-GA.jar;C:\Users\Isabel\.m2\repository\org\attoparser\attoparser\2.0.7.RELEASE\attoparser-2.0.7.RELEASE.jar;C:\Users\Isabel\.m2\repository\org\unbescape\unbescape\1.1.6.RELEASE\unbescape-1.1.6.RELEASE.jar;C:\Users\Isabel\.m2\repository\org\slf4j\slf4j-api\2.0.7\slf4j-api-2.0.7.jar;C:\Users\Isabel\.m2\repository\com\linecorp\armeria\armeria\1.25.2\armeria-1.25.2.jar;C:\Users\Isabel\.m2\repository\com\fasterxml\jackson\core\jackson-core\2.15.2\jackson-core-2.15.2.jar;C:\Users\Isabel\.m2\repository\com\fasterxml\jackson\core\jackson-annotations\2.15.2\jackson-annotations-2.15.2.jar;C:\Users\Isabel\.m2\repository\com\fasterxml\jackson\core\jackson-databind\2.15.2\jackson-databind-2.15.2.jar;C:\Users\Isabel\.m2\repository\com\fasterxml\jackson\datatype\jackson-datatype-jdk8\2.15.2\jackson-datatype-jdk8-2.15.2.jar;C:\Users\Isabel\.m2\repository\com\fasterxml\jackson\datatype\jackson-datatype-jsr310\2.15.2\jackson-datatype-jsr310-2.15.2.jar;C:\Users\Isabel\.m2\repository\io\micrometer\micrometer-core\1.11.3\micrometer-core-1.11.3.jar;C:\Users\Isabel\.m2\repository\io\micrometer\micrometer-commons\1.11.3\micrometer-commons-1.11.3.jar;C:\Users\Isabel\.m2\repository\io\micrometer\micrometer-observation\1.11.3\micrometer-observation-1.11.3.jar;C:\Users\Isabel\.m2\repository\org\hdrhistogram\HdrHistogram\2.1.12\HdrHistogram-2.1.12.jar;C:\Users\Isabel\.m2\repository\org\latencyutils\LatencyUtils\2.0.3\LatencyUtils-2.0.3.jar;C:\Users\Isabel\.m2\repository\io\netty\netty-transport\4.1.96.Final\netty-transport-4.1.96.Final.jar;C:\Users\Isabel\.m2\repository\io\netty\netty-common\4.1.96.Final\netty-common-4.1.96.Final.jar;C:\Users\Isabel\.m2\repository\io\netty\netty-buffer\4.1.96.Final\netty-buffer-4.1.96.Final.jar;C:\Users\Isabel\.m2\repository\io\netty\netty-resolver\4.1.96.Final\netty-resolver-4.1.96.Final.jar;C:\Users\Isabel\.m2\repository\io\netty\netty-codec-haproxy\4.1.96.Final\netty-codec-haproxy-4.1.96.Final.jar;C:\Users\Isabel\.m2\repository\io\netty\netty-codec\4.1.96.Final\netty-codec-4.1.96.Final.jar;C:\Users\Isabel\.m2\repository\io\netty\netty-codec-http2\4.1.96.Final\netty-codec-http2-4.1.96.Final.jar;C:\Users\Isabel\.m2\repository\io\netty\netty-handler\4.1.96.Final\netty-handler-4.1.96.Final.jar;C:\Users\Isabel\.m2\repository\io\netty\netty-codec-http\4.1.96.Final\netty-codec-http-4.1.96.Final.jar;C:\Users\Isabel\.m2\repository\io\netty\netty-resolver-dns\4.1.96.Final\netty-resolver-dns-4.1.96.Final.jar;C:\Users\Isabel\.m2\repository\io\netty\netty-codec-dns\4.1.96.Final\netty-codec-dns-4.1.96.Final.jar;C:\Users\Isabel\.m2\repository\org\reactivestreams\reactive-streams\1.0.4\reactive-streams-1.0.4.jar;C:\Users\Isabel\.m2\repository\com\google\code\findbugs\jsr305\3.0.2\jsr305-3.0.2.jar;C:\Users\Isabel\.m2\repository\io\netty\netty-handler-proxy\4.1.96.Final\netty-handler-proxy-4.1.96.Final.jar;C:\Users\Isabel\.m2\repository\io\netty\netty-codec-socks\4.1.96.Final\netty-codec-socks-4.1.96.Final.jar;C:\Users\Isabel\.m2\repository\io\netty\netty-transport-native-unix-common\4.1.96.Final\netty-transport-native-unix-common-4.1.96.Final-linux-x86_64.jar;C:\Users\Isabel\.m2\repository\io\netty\netty-transport-native-epoll\4.1.96.Final\netty-transport-native-epoll-4.1.96.Final-linux-x86_64.jar;C:\Users\Isabel\.m2\repository\io\netty\netty-transport-native-unix-common\4.1.96.Final\netty-transport-native-unix-common-4.1.96.Final.jar;C:\Users\Isabel\.m2\repository\io\netty\netty-transport-classes-epoll\4.1.96.Final\netty-transport-classes-epoll-4.1.96.Final.jar;C:\Users\Isabel\.m2\repository\io\netty\netty-transport-native-unix-common\4.1.96.Final\netty-transport-native-unix-common-4.1.96.Final-linux-aarch_64.jar;C:\Users\Isabel\.m2\repository\io\netty\netty-transport-native-epoll\4.1.96.Final\netty-transport-native-epoll-4.1.96.Final-linux-aarch_64.jar;C:\Users\Isabel\.m2\repository\io\netty\netty-transport-native-unix-common\4.1.96.Final\netty-transport-native-unix-common-4.1.96.Final-osx-x86_64.jar;C:\Users\Isabel\.m2\repository\io\netty\netty-transport-native-kqueue\4.1.96.Final\netty-transport-native-kqueue-4.1.96.Final-osx-x86_64.jar;C:\Users\Isabel\.m2\repository\io\netty\netty-transport-classes-kqueue\4.1.96.Final\netty-transport-classes-kqueue-4.1.96.Final.jar;C:\Users\Isabel\.m2\repository\io\netty\netty-resolver-dns-native-macos\4.1.96.Final\netty-resolver-dns-native-macos-4.1.96.Final-osx-x86_64.jar;C:\Users\Isabel\.m2\repository\io\netty\netty-resolver-dns-classes-macos\4.1.96.Final\netty-resolver-dns-classes-macos-4.1.96.Final.jar;C:\Users\Isabel\.m2\repository\io\netty\netty-transport-native-unix-common\4.1.96.Final\netty-transport-native-unix-common-4.1.96.Final-osx-aarch_64.jar;C:\Users\Isabel\.m2\repository\io\netty\netty-transport-native-kqueue\4.1.96.Final\netty-transport-native-kqueue-4.1.96.Final-osx-aarch_64.jar;C:\Users\Isabel\.m2\repository\io\netty\netty-resolver-dns-native-macos\4.1.96.Final\netty-resolver-dns-native-macos-4.1.96.Final-osx-aarch_64.jar;C:\Users\Isabel\.m2\repository\io\netty\netty-tcnative-boringssl-static\2.0.61.Final\netty-tcnative-boringssl-static-2.0.61.Final-linux-x86_64.jar;C:\Users\Isabel\.m2\repository\io\netty\netty-tcnative-classes\2.0.61.Final\netty-tcnative-classes-2.0.61.Final.jar;C:\Users\Isabel\.m2\repository\io\netty\netty-tcnative-boringssl-static\2.0.61.Final\netty-tcnative-boringssl-static-2.0.61.Final-linux-aarch_64.jar;C:\Users\Isabel\.m2\repository\io\netty\netty-tcnative-boringssl-static\2.0.61.Final\netty-tcnative-boringssl-static-2.0.61.Final-osx-x86_64.jar;C:\Users\Isabel\.m2\repository\io\netty\netty-tcnative-boringssl-static\2.0.61.Final\netty-tcnative-boringssl-static-2.0.61.Final-osx-aarch_64.jar;C:\Users\Isabel\.m2\repository\io\netty\netty-tcnative-boringssl-static\2.0.61.Final\netty-tcnative-boringssl-static-2.0.61.Final-windows-x86_64.jar;C:\Users\Isabel\.m2\repository\com\aayushatharva\brotli4j\brotli4j\1.12.0\brotli4j-1.12.0.jar;C:\Users\Isabel\.m2\repository\com\aayushatharva\brotli4j\service\1.12.0\service-1.12.0.jar;C:\Users\Isabel\.m2\repository\com\aayushatharva\brotli4j\native-windows-x86_64\1.12.0\native-windows-x86_64-1.12.0.jar;C:\Users\Isabel\.m2\repository\org\apache\httpcomponents\httpclient\4.5.14\httpclient-4.5.14.jar;C:\Users\Isabel\.m2\repository\org\apache\httpcomponents\httpcore\4.4.16\httpcore-4.4.16.jar;C:\Users\Isabel\.m2\repository\commons-codec\commons-codec\1.16.0\commons-codec-1.16.0.jar;C:\Users\Isabel\.m2\repository\ch\qos\logback\logback-classic\1.4.11\logback-classic-1.4.11.jar;C:\Users\Isabel\.m2\repository\ch\qos\logback\logback-core\1.4.11\logback-core-1.4.11.jar;C:\Users\Isabel\.m2\repository\org\slf4j\jcl-over-slf4j\2.0.9\jcl-over-slf4j-2.0.9.jar;C:\Users\Isabel\.m2\repository\org\antlr\antlr4-runtime\4.11.1\antlr4-runtime-4.11.1.jar;C:\Users\Isabel\.m2\repository\com\jayway\jsonpath\json-path\2.8.0\json-path-2.8.0.jar;C:\Users\Isabel\.m2\repository\net\minidev\json-smart\2.4.10\json-smart-2.4.10.jar;C:\Users\Isabel\.m2\repository\net\minidev\accessors-smart\2.4.9\accessors-smart-2.4.9.jar;C:\Users\Isabel\.m2\repository\org\ow2\asm\asm\9.3\asm-9.3.jar;C:\Users\Isabel\.m2\repository\org\yaml\snakeyaml\2.0\snakeyaml-2.0.jar;C:\Users\Isabel\.m2\repository\de\siegmar\fastcsv\2.2.1\fastcsv-2.2.1.jar;C:\Users\Isabel\.m2\repository\info\picocli\picocli\4.7.1\picocli-4.7.1.jar;C:\Users\Isabel\.m2\repository\io\github\classgraph\classgraph\4.8.160\classgraph-4.8.160.jar;C:\Users\Isabel\.m2\repository\io\github\t12y\resemble\1.0.2\resemble-1.0.2.jar;C:\Users\Isabel\.m2\repository\io\github\t12y\ssim\1.0.0\ssim-1.0.0.jar;C:\Users\Isabel\.m2\repository\org\junit\jupiter\junit-jupiter-api\5.9.3\junit-jupiter-api-5.9.3.jar;C:\Users\Isabel\.m2\repository\org\opentest4j\opentest4j\1.2.0\opentest4j-1.2.0.jar;C:\Users\Isabel\.m2\repository\org\junit\platform\junit-platform-commons\1.9.3\junit-platform-commons-1.9.3.jar;C:\Users\Isabel\.m2\repository\org\apiguardian\apiguardian-api\1.1.2\apiguardian-api-1.1.2.jar;C:\Users\Isabel\.m2\repository\org\junit\jupiter\junit-jupiter-engine\5.9.3\junit-jupiter-engine-5.9.3.jar;C:\Users\Isabel\.m2\repository\org\junit\platform\junit-platform-engine\1.9.3\junit-platform-engine-1.9.3.jar;"/>
    <property name="sun.cpu.endian" value="little"/>
    <property name="user.home" value="C:\Users\Isabel"/>
    <property name="user.language" value="es"/>
    <property name="java.specification.vendor" value="Oracle Corporation"/>
    <property name="java.version.date" value="2024-01-16"/>
    <property name="java.home" value="C:\Users\Isabel\Downloads\sts-4.22.0.RELEASE\plugins\org.eclipse.justj.openjdk.hotspot.jre.full.win32.x86_64_17.0.10.v20240120-1143\jre"/>
    <property name="file.separator" value="\"/>
    <property name="style.color" value="always"/>
    <property name="basedir" value="D:\com.jbenterprice"/>
    <property name="java.vm.compressedOopsMode" value="Zero based"/>
    <property name="line.separator" value="&#10;"/>
    <property name="java.vm.specification.vendor" value="Oracle Corporation"/>
    <property name="java.specification.name" value="Java Platform API Specification"/>
    <property name="surefire.real.class.path" value="C:\Users\Isabel\AppData\Local\Temp\surefire12790122141093463855\surefirebooter-20240423005954612_3.jar"/>
    <property name="user.script" value=""/>
    <property name="sun.management.compiler" value="HotSpot 64-Bit Tiered Compilers"/>
    <property name="java.runtime.version" value="17.0.10+7"/>
    <property name="user.name" value="Isabel"/>
    <property name="path.separator" value=";"/>
    <property name="os.version" value="10.0"/>
    <property name="java.runtime.name" value="OpenJDK Runtime Environment"/>
    <property name="file.encoding" value="UTF-8"/>
    <property name="java.vm.name" value="OpenJDK 64-Bit Server VM"/>
    <property name="java.vendor.version" value="Temurin-17.0.10+7"/>
    <property name="localRepository" value="C:\Users\Isabel\.m2\repository"/>
    <property name="java.vendor.url.bug" value="https://github.com/adoptium/adoptium-support/issues"/>
    <property name="java.io.tmpdir" value="C:\Users\Isabel\AppData\Local\Temp\"/>
    <property name="java.version" value="17.0.10"/>
    <property name="user.dir" value="D:\com.jbenterprice"/>
    <property name="os.arch" value="amd64"/>
    <property name="java.vm.specification.name" value="Java Virtual Machine Specification"/>
    <property name="sun.os.patch.level" value=""/>
    <property name="native.encoding" value="Cp1252"/>
    <property name="java.library.path" value="C:\Users\Isabel\Downloads\sts-4.22.0.RELEASE\plugins\org.eclipse.justj.openjdk.hotspot.jre.full.win32.x86_64_17.0.10.v20240120-1143\jre\bin;C:\Windows\Sun\Java\bin;C:\Windows\system32;C:\Windows;C:/Users/Isabel/Downloads/sts-4.22.0.RELEASE//plugins/org.eclipse.justj.openjdk.hotspot.jre.full.win32.x86_64_17.0.10.v20240120-1143/jre/bin/server;C:/Users/Isabel/Downloads/sts-4.22.0.RELEASE//plugins/org.eclipse.justj.openjdk.hotspot.jre.full.win32.x86_64_17.0.10.v20240120-1143/jre/bin;C:\Program Files\Common Files\Oracle\Java\javapath;C:\Program Files (x86)\Common Files\Oracle\Java\javapath;C:\Windows\system32;C:\Windows;C:\Windows\System32\Wbem;C:\Windows\System32\WindowsPowerShell\v1.0\;C:\Windows\System32\OpenSSH\;C:\Program Files\Java\jdk1.8.0_291;C:\Program Files\Java\jdk1.8.0_291\bin;C:\Program Files\Java\jre1.8.0_291;C:\Program Files\Java\jre1.8.0_291\bin;ECHO% PATH%;D:\apache-maven-3.8.3\bin;%Java_home%\bin;C:\Program Files\Git\cmd;C:\gradle-4.5\bin;C:\Program Files\nodejs\;C:\Users\Isabel\AppData\Local\Microsoft\WindowsApps;C:\Program Files\JetBrains\IntelliJ IDEA Community Edition 2022.3.2\bin;;C:\Users\Isabel\AppData\Local\Programs\Azure Data Studio\bin;C:\Users\Isabel\AppData\Roaming\npm;C:\Users\Isabel\Downloads\sts-4.22.0.RELEASE;;."/>
    <property name="java.vm.info" value="mixed mode"/>
    <property name="java.vendor" value="Eclipse Adoptium"/>
    <property name="java.vm.version" value="17.0.10+7"/>
    <property name="sun.io.unicode.encoding" value="UnicodeLittle"/>
    <property name="java.class.version" value="61.0"/>
  </properties>
  <testcase name="testParallel" classname="examples.ExamplesTest" time="3.603">
    <failure message="status code was: 400, expected: 201, response time in milliseconds: 4, url: http://localhost:8084/api/v1/product/, response: &#10;{&quot;sku&quot;:&quot;&quot;,&quot;status&quot;:false,&quot;message&quot;:&quot;El nombre del producto no fue proporcionado&quot;}&#10;classpath:examples/users/insertar.feature:11&#10;js failed:&#10;&gt;&gt;&gt;&gt;&#10;01: read(&quot;&quot;)&#10;&lt;&lt;&lt;&lt;&#10;org.graalvm.polyglot.PolyglotException: java.io.FileNotFoundException: D:\com.jbenterprice\target\test-classes\examples\users\sadPtah (Acceso denegado)&#10;- com.intuit.karate.resource.FileResource.getStream(FileResource.java:98)&#10;- com.intuit.karate.core.ScenarioFileReader.readFileAsStream(ScenarioFileReader.java:99)&#10;- com.intuit.karate.core.ScenarioFileReader.readFile(ScenarioFileReader.java:76)&#10;- com.intuit.karate.core.ScenarioEngine.lambda$new$0(ScenarioEngine.java:124)&#10;- &lt;js&gt;.:program(Unnamed:1)&#10;&#10;classpath:examples/users/sadPtah/eliminarinvalido.feature:6 ==&gt; expected: &lt;0&gt; but was: &lt;2&gt;" type="org.opentest4j.AssertionFailedError"><![CDATA[org.opentest4j.AssertionFailedError: 
status code was: 400, expected: 201, response time in milliseconds: 4, url: http://localhost:8084/api/v1/product/, response: 
{"sku":"","status":false,"message":"El nombre del producto no fue proporcionado"}
classpath:examples/users/insertar.feature:11
js failed:
>>>>
01: read("")
<<<<
org.graalvm.polyglot.PolyglotException: java.io.FileNotFoundException: D:\com.jbenterprice\target\test-classes\examples\users\sadPtah (Acceso denegado)
- com.intuit.karate.resource.FileResource.getStream(FileResource.java:98)
- com.intuit.karate.core.ScenarioFileReader.readFileAsStream(ScenarioFileReader.java:99)
- com.intuit.karate.core.ScenarioFileReader.readFile(ScenarioFileReader.java:76)
- com.intuit.karate.core.ScenarioEngine.lambda$new$0(ScenarioEngine.java:124)
- <js>.:program(Unnamed:1)

classpath:examples/users/sadPtah/eliminarinvalido.feature:6 ==> expected: <0> but was: <2>
	at org.junit.jupiter.api.AssertionFailureBuilder.build(AssertionFailureBuilder.java:151)
	at org.junit.jupiter.api.AssertionFailureBuilder.buildAndThrow(AssertionFailureBuilder.java:132)
	at org.junit.jupiter.api.AssertEquals.failNotEqual(AssertEquals.java:197)
	at org.junit.jupiter.api.AssertEquals.assertEquals(AssertEquals.java:150)
	at org.junit.jupiter.api.Assertions.assertEquals(Assertions.java:560)
	at examples.ExamplesTest.testParallel(ExamplesTest.java:15)
	at java.base/jdk.internal.reflect.NativeMethodAccessorImpl.invoke0(Native Method)
	at java.base/jdk.internal.reflect.NativeMethodAccessorImpl.invoke(NativeMethodAccessorImpl.java:77)
	at java.base/jdk.internal.reflect.DelegatingMethodAccessorImpl.invoke(DelegatingMethodAccessorImpl.java:43)
	at java.base/java.lang.reflect.Method.invoke(Method.java:568)
	at org.junit.platform.commons.util.ReflectionUtils.invokeMethod(ReflectionUtils.java:727)
	at org.junit.jupiter.engine.execution.MethodInvocation.proceed(MethodInvocation.java:60)
	at org.junit.jupiter.engine.execution.InvocationInterceptorChain$ValidatingInvocation.proceed(InvocationInterceptorChain.java:131)
	at org.junit.jupiter.engine.extension.TimeoutExtension.intercept(TimeoutExtension.java:156)
	at org.junit.jupiter.engine.extension.TimeoutExtension.interceptTestableMethod(TimeoutExtension.java:147)
	at org.junit.jupiter.engine.extension.TimeoutExtension.interceptTestMethod(TimeoutExtension.java:86)
	at org.junit.jupiter.engine.execution.InterceptingExecutableInvoker$ReflectiveInterceptorCall.lambda$ofVoidMethod$0(InterceptingExecutableInvoker.java:103)
	at org.junit.jupiter.engine.execution.InterceptingExecutableInvoker.lambda$invoke$0(InterceptingExecutableInvoker.java:93)
	at org.junit.jupiter.engine.execution.InvocationInterceptorChain$InterceptedInvocation.proceed(InvocationInterceptorChain.java:106)
	at org.junit.jupiter.engine.execution.InvocationInterceptorChain.proceed(InvocationInterceptorChain.java:64)
	at org.junit.jupiter.engine.execution.InvocationInterceptorChain.chainAndInvoke(InvocationInterceptorChain.java:45)
	at org.junit.jupiter.engine.execution.InvocationInterceptorChain.invoke(InvocationInterceptorChain.java:37)
	at org.junit.jupiter.engine.execution.InterceptingExecutableInvoker.invoke(InterceptingExecutableInvoker.java:92)
	at org.junit.jupiter.engine.execution.InterceptingExecutableInvoker.invoke(InterceptingExecutableInvoker.java:86)
	at org.junit.jupiter.engine.descriptor.TestMethodTestDescriptor.lambda$invokeTestMethod$7(TestMethodTestDescriptor.java:217)
	at org.junit.platform.engine.support.hierarchical.ThrowableCollector.execute(ThrowableCollector.java:73)
	at org.junit.jupiter.engine.descriptor.TestMethodTestDescriptor.invokeTestMethod(TestMethodTestDescriptor.java:213)
	at org.junit.jupiter.engine.descriptor.TestMethodTestDescriptor.execute(TestMethodTestDescriptor.java:138)
	at org.junit.jupiter.engine.descriptor.TestMethodTestDescriptor.execute(TestMethodTestDescriptor.java:68)
	at org.junit.platform.engine.support.hierarchical.NodeTestTask.lambda$executeRecursively$6(NodeTestTask.java:151)
	at org.junit.platform.engine.support.hierarchical.ThrowableCollector.execute(ThrowableCollector.java:73)
	at org.junit.platform.engine.support.hierarchical.NodeTestTask.lambda$executeRecursively$8(NodeTestTask.java:141)
	at org.junit.platform.engine.support.hierarchical.Node.around(Node.java:137)
	at org.junit.platform.engine.support.hierarchical.NodeTestTask.lambda$executeRecursively$9(NodeTestTask.java:139)
	at org.junit.platform.engine.support.hierarchical.ThrowableCollector.execute(ThrowableCollector.java:73)
	at org.junit.platform.engine.support.hierarchical.NodeTestTask.executeRecursively(NodeTestTask.java:138)
	at org.junit.platform.engine.support.hierarchical.NodeTestTask.execute(NodeTestTask.java:95)
	at java.base/java.util.ArrayList.forEach(ArrayList.java:1511)
	at org.junit.platform.engine.support.hierarchical.SameThreadHierarchicalTestExecutorService.invokeAll(SameThreadHierarchicalTestExecutorService.java:41)
	at org.junit.platform.engine.support.hierarchical.NodeTestTask.lambda$executeRecursively$6(NodeTestTask.java:155)
	at org.junit.platform.engine.support.hierarchical.ThrowableCollector.execute(ThrowableCollector.java:73)
	at org.junit.platform.engine.support.hierarchical.NodeTestTask.lambda$executeRecursively$8(NodeTestTask.java:141)
	at org.junit.platform.engine.support.hierarchical.Node.around(Node.java:137)
	at org.junit.platform.engine.support.hierarchical.NodeTestTask.lambda$executeRecursively$9(NodeTestTask.java:139)
	at org.junit.platform.engine.support.hierarchical.ThrowableCollector.execute(ThrowableCollector.java:73)
	at org.junit.platform.engine.support.hierarchical.NodeTestTask.executeRecursively(NodeTestTask.java:138)
	at org.junit.platform.engine.support.hierarchical.NodeTestTask.execute(NodeTestTask.java:95)
	at java.base/java.util.ArrayList.forEach(ArrayList.java:1511)
	at org.junit.platform.engine.support.hierarchical.SameThreadHierarchicalTestExecutorService.invokeAll(SameThreadHierarchicalTestExecutorService.java:41)
	at org.junit.platform.engine.support.hierarchical.NodeTestTask.lambda$executeRecursively$6(NodeTestTask.java:155)
	at org.junit.platform.engine.support.hierarchical.ThrowableCollector.execute(ThrowableCollector.java:73)
	at org.junit.platform.engine.support.hierarchical.NodeTestTask.lambda$executeRecursively$8(NodeTestTask.java:141)
	at org.junit.platform.engine.support.hierarchical.Node.around(Node.java:137)
	at org.junit.platform.engine.support.hierarchical.NodeTestTask.lambda$executeRecursively$9(NodeTestTask.java:139)
	at org.junit.platform.engine.support.hierarchical.ThrowableCollector.execute(ThrowableCollector.java:73)
	at org.junit.platform.engine.support.hierarchical.NodeTestTask.executeRecursively(NodeTestTask.java:138)
	at org.junit.platform.engine.support.hierarchical.NodeTestTask.execute(NodeTestTask.java:95)
	at org.junit.platform.engine.support.hierarchical.SameThreadHierarchicalTestExecutorService.submit(SameThreadHierarchicalTestExecutorService.java:35)
	at org.junit.platform.engine.support.hierarchical.HierarchicalTestExecutor.execute(HierarchicalTestExecutor.java:57)
	at org.junit.platform.engine.support.hierarchical.HierarchicalTestEngine.execute(HierarchicalTestEngine.java:54)
	at org.junit.platform.launcher.core.EngineExecutionOrchestrator.execute(EngineExecutionOrchestrator.java:147)
	at org.junit.platform.launcher.core.EngineExecutionOrchestrator.execute(EngineExecutionOrchestrator.java:127)
	at org.junit.platform.launcher.core.EngineExecutionOrchestrator.execute(EngineExecutionOrchestrator.java:90)
	at org.junit.platform.launcher.core.EngineExecutionOrchestrator.lambda$execute$0(EngineExecutionOrchestrator.java:55)
	at org.junit.platform.launcher.core.EngineExecutionOrchestrator.withInterceptedStreams(EngineExecutionOrchestrator.java:102)
	at org.junit.platform.launcher.core.EngineExecutionOrchestrator.execute(EngineExecutionOrchestrator.java:54)
	at org.junit.platform.launcher.core.DefaultLauncher.execute(DefaultLauncher.java:114)
	at org.junit.platform.launcher.core.DefaultLauncher.execute(DefaultLauncher.java:86)
	at org.junit.platform.launcher.core.DefaultLauncherSession$DelegatingLauncher.execute(DefaultLauncherSession.java:86)
	at org.apache.maven.surefire.junitplatform.LazyLauncher.execute(LazyLauncher.java:50)
	at org.apache.maven.surefire.junitplatform.JUnitPlatformProvider.execute(JUnitPlatformProvider.java:184)
	at org.apache.maven.surefire.junitplatform.JUnitPlatformProvider.invokeAllTests(JUnitPlatformProvider.java:148)
	at org.apache.maven.surefire.junitplatform.JUnitPlatformProvider.invoke(JUnitPlatformProvider.java:122)
	at org.apache.maven.surefire.booter.ForkedBooter.runSuitesInProcess(ForkedBooter.java:385)
	at org.apache.maven.surefire.booter.ForkedBooter.execute(ForkedBooter.java:162)
	at org.apache.maven.surefire.booter.ForkedBooter.run(ForkedBooter.java:507)
	at org.apache.maven.surefire.booter.ForkedBooter.main(ForkedBooter.java:495)
]]></failure>
    <system-out><![CDATA[00:59:56.526 [main] DEBUG com.intuit.karate.Suite - [config] classpath:karate-config.js
00:59:56.537 [main] DEBUG com.intuit.karate.Suite - waiting for 11 features to complete
00:59:57.331 [pool-2-thread-3] INFO  com.intuit.karate - karate.env system property was: null 
00:59:57.331 [pool-2-thread-2] INFO  com.intuit.karate - karate.env system property was: null 
00:59:57.331 [pool-2-thread-5] INFO  com.intuit.karate - karate.env system property was: null 
00:59:57.331 [pool-2-thread-4] INFO  com.intuit.karate - karate.env system property was: null 
00:59:57.331 [pool-2-thread-1] INFO  com.intuit.karate - karate.env system property was: null 
00:59:57.621 [pool-2-thread-5] DEBUG com.intuit.karate - request:
1 > POST http://localhost:8084/api/v1/product/
1 > Accept: application/json
1 > Content-Type: application/json; charset=UTF-8
1 > Content-Length: 68
1 > Host: localhost:8084
1 > Connection: Keep-Alive
1 > User-Agent: Apache-HttpClient/4.5.14 (Java/17.0.10)
1 > Accept-Encoding: gzip,deflate
{"name":"SGalaxy","description":"Gama Alta de Samsung","price":2300}

00:59:57.621 [pool-2-thread-1] DEBUG com.intuit.karate - request:
1 > POST http://localhost:8084/api/v1/product/
1 > Accept: application/json
1 > Content-Type: application/json; charset=UTF-8
1 > Content-Length: 69
1 > Host: localhost:8084
1 > Connection: Keep-Alive
1 > User-Agent: Apache-HttpClient/4.5.14 (Java/17.0.10)
1 > Accept-Encoding: gzip,deflate
{"name":"Iphone 900","description":"Gama Alta de Apple","price":3000}

00:59:57.621 [pool-2-thread-4] DEBUG com.intuit.karate - request:
1 > POST http://localhost:8084/api/v1/product/
1 > Accept: application/json
1 > Content-Type: application/json; charset=UTF-8
1 > Content-Length: 68
1 > Host: localhost:8084
1 > Connection: Keep-Alive
1 > User-Agent: Apache-HttpClient/4.5.14 (Java/17.0.10)
1 > Accept-Encoding: gzip,deflate
{"name":"Huawei","description":"Telefono de alta gama","price":1850}

00:59:57.621 [pool-2-thread-2] DEBUG com.intuit.karate - request:
1 > POST http://localhost:8084/api/v1/product/
1 > Accept: application/json
1 > Content-Type: application/json; charset=UTF-8
1 > Content-Length: 69
1 > Host: localhost:8084
1 > Connection: Keep-Alive
1 > User-Agent: Apache-HttpClient/4.5.14 (Java/17.0.10)
1 > Accept-Encoding: gzip,deflate
{"name":"Iphone 900","description":"Gama Alta de Apple","price":3000}

00:59:57.621 [pool-2-thread-3] DEBUG com.intuit.karate - request:
1 > POST http://localhost:8084/api/v1/product/
1 > Accept: application/json
1 > Content-Type: application/json; charset=UTF-8
1 > Content-Length: 69
1 > Host: localhost:8084
1 > Connection: Keep-Alive
1 > User-Agent: Apache-HttpClient/4.5.14 (Java/17.0.10)
1 > Accept-Encoding: gzip,deflate
{"name":"Iphone 900","description":"Gama Alta de Apple","price":3000}

00:59:57.652 [pool-2-thread-3] DEBUG com.intuit.karate - response time in milliseconds: 27
1 < 201
1 < Content-Type: application/json
1 < Transfer-Encoding: chunked
1 < Date: Tue, 23 Apr 2024 05:59:57 GMT
1 < Keep-Alive: timeout=60
1 < Connection: keep-alive
{"sku":"c458cb6b-1e12-4043-802b-c3cdd7ba6623","status":true,"message":"El producto fue creado con éxito!"}

00:59:57.652 [pool-2-thread-4] DEBUG com.intuit.karate - response time in milliseconds: 27
1 < 201
1 < Content-Type: application/json
1 < Transfer-Encoding: chunked
1 < Date: Tue, 23 Apr 2024 05:59:57 GMT
1 < Keep-Alive: timeout=60
1 < Connection: keep-alive
{"sku":"25b53783-0bf8-4e6a-89d9-3f692f09b0a0","status":true,"message":"El producto fue creado con éxito!"}

00:59:57.652 [pool-2-thread-5] DEBUG com.intuit.karate - response time in milliseconds: 27
1 < 201
1 < Content-Type: application/json
1 < Transfer-Encoding: chunked
1 < Date: Tue, 23 Apr 2024 05:59:57 GMT
1 < Keep-Alive: timeout=60
1 < Connection: keep-alive
{"sku":"d572620d-480f-41d2-b31f-e525e9331c5f","status":true,"message":"El producto fue creado con éxito!"}

00:59:57.652 [pool-2-thread-1] DEBUG com.intuit.karate - response time in milliseconds: 27
1 < 201
1 < Content-Type: application/json
1 < Transfer-Encoding: chunked
1 < Date: Tue, 23 Apr 2024 05:59:57 GMT
1 < Keep-Alive: timeout=60
1 < Connection: keep-alive
{"sku":"b0c35302-91fa-4abe-bb53-43ac2185a699","status":true,"message":"El producto fue creado con éxito!"}

00:59:57.652 [pool-2-thread-2] DEBUG com.intuit.karate - response time in milliseconds: 27
1 < 201
1 < Content-Type: application/json
1 < Transfer-Encoding: chunked
1 < Date: Tue, 23 Apr 2024 05:59:57 GMT
1 < Keep-Alive: timeout=60
1 < Connection: keep-alive
{"sku":"87dbb3d1-bbb8-4242-a63c-6482a5018369","status":true,"message":"El producto fue creado con éxito!"}

00:59:57.665 [pool-2-thread-3] DEBUG com.intuit.karate - request:
2 > PUT http://localhost:8084/api/v1/product/c458cb6b-1e12-4043-802b-c3cdd7ba6623/
2 > Accept: application/json
2 > Content-Type: application/json; charset=UTF-8
2 > Content-Length: 81
2 > Host: localhost:8084
2 > Connection: Keep-Alive
2 > User-Agent: Apache-HttpClient/4.5.14 (Java/17.0.10)
2 > Accept-Encoding: gzip,deflate
{"name":"Iphone Actualizado 3","description":"Gama Alta de Apple 3","price":2300}

00:59:57.665 [pool-2-thread-2] DEBUG com.intuit.karate - request:
2 > PUT http://localhost:8084/api/v1/product/87dbb3d1-bbb8-4242-a63c-6482a5018369/
2 > Accept: application/json
2 > Content-Type: application/json; charset=UTF-8
2 > Content-Length: 81
2 > Host: localhost:8084
2 > Connection: Keep-Alive
2 > User-Agent: Apache-HttpClient/4.5.14 (Java/17.0.10)
2 > Accept-Encoding: gzip,deflate
{"name":"Iphone Actualizado 2","description":"Gama Alta de Apple 2","price":2200}

00:59:57.667 [pool-2-thread-1] DEBUG com.intuit.karate - request:
2 > PUT http://localhost:8084/api/v1/product/b0c35302-91fa-4abe-bb53-43ac2185a699/
2 > Accept: application/json
2 > Content-Type: application/json; charset=UTF-8
2 > Content-Length: 81
2 > Host: localhost:8084
2 > Connection: Keep-Alive
2 > User-Agent: Apache-HttpClient/4.5.14 (Java/17.0.10)
2 > Accept-Encoding: gzip,deflate
{"name":"Iphone Actualizado 1","description":"Gama Alta de Apple 1","price":2100}

00:59:57.672 [pool-2-thread-4] INFO  com.intuit.karate - karate.env system property was: null 
00:59:57.672 [pool-2-thread-5] INFO  com.intuit.karate - karate.env system property was: null 
00:59:57.675 [pool-2-thread-3] DEBUG com.intuit.karate - response time in milliseconds: 9
2 < 200
2 < Content-Type: application/json
2 < Transfer-Encoding: chunked
2 < Date: Tue, 23 Apr 2024 05:59:57 GMT
2 < Keep-Alive: timeout=60
2 < Connection: keep-alive
{"sku":"c458cb6b-1e12-4043-802b-c3cdd7ba6623","status":true,"message":"El producto fue actualizado con éxito"}

00:59:57.675 [pool-2-thread-1] DEBUG com.intuit.karate - response time in milliseconds: 8
2 < 200
2 < Content-Type: application/json
2 < Transfer-Encoding: chunked
2 < Date: Tue, 23 Apr 2024 05:59:57 GMT
2 < Keep-Alive: timeout=60
2 < Connection: keep-alive
{"sku":"b0c35302-91fa-4abe-bb53-43ac2185a699","status":true,"message":"El producto fue actualizado con éxito"}

00:59:57.677 [pool-2-thread-2] DEBUG com.intuit.karate - response time in milliseconds: 10
2 < 200
2 < Content-Type: application/json
2 < Transfer-Encoding: chunked
2 < Date: Tue, 23 Apr 2024 05:59:57 GMT
2 < Keep-Alive: timeout=60
2 < Connection: keep-alive
{"sku":"87dbb3d1-bbb8-4242-a63c-6482a5018369","status":true,"message":"El producto fue actualizado con éxito"}

00:59:57.680 [pool-2-thread-4] DEBUG com.intuit.karate - request:
1 > POST http://localhost:8084/api/v1/product/
1 > Accept: application/json
1 > Content-Type: application/json; charset=UTF-8
1 > Content-Length: 68
1 > Host: localhost:8084
1 > Connection: Keep-Alive
1 > User-Agent: Apache-HttpClient/4.5.14 (Java/17.0.10)
1 > Accept-Encoding: gzip,deflate
{"name":"Huawei","description":"Telefono de alta gama","price":1850}

00:59:57.685 [pool-2-thread-4] DEBUG com.intuit.karate - response time in milliseconds: 4
1 < 201
1 < Content-Type: application/json
1 < Transfer-Encoding: chunked
1 < Date: Tue, 23 Apr 2024 05:59:57 GMT
1 < Keep-Alive: timeout=60
1 < Connection: keep-alive
{"sku":"c3c345c9-8603-4ecc-bc13-117aecd97dee","status":true,"message":"El producto fue creado con éxito!"}

00:59:57.682 [pool-2-thread-5] DEBUG com.intuit.karate - request:
1 > POST http://localhost:8084/api/v1/product/
1 > Accept: application/json
1 > Content-Type: application/json; charset=UTF-8
1 > Content-Length: 68
1 > Host: localhost:8084
1 > Connection: Keep-Alive
1 > User-Agent: Apache-HttpClient/4.5.14 (Java/17.0.10)
1 > Accept-Encoding: gzip,deflate
{"name":"Huawei","description":"Telefono de alta gama","price":1850}

00:59:57.691 [pool-2-thread-5] DEBUG com.intuit.karate - response time in milliseconds: 6
1 < 201
1 < Content-Type: application/json
1 < Transfer-Encoding: chunked
1 < Date: Tue, 23 Apr 2024 05:59:57 GMT
1 < Keep-Alive: timeout=60
1 < Connection: keep-alive
{"sku":"448b6f91-4890-4d41-bb8d-2297ae206cf3","status":true,"message":"El producto fue creado con éxito!"}

00:59:57.694 [pool-2-thread-4] INFO  com.intuit.karate - karate.env system property was: null 
00:59:57.699 [pool-2-thread-4] DEBUG com.intuit.karate - request:
1 > POST http://localhost:8084/api/v1/product/
1 > Accept: application/json
1 > Content-Type: application/json; charset=UTF-8
1 > Content-Length: 70
1 > Host: localhost:8084
1 > Connection: Keep-Alive
1 > User-Agent: Apache-HttpClient/4.5.14 (Java/17.0.10)
1 > Accept-Encoding: gzip,deflate
{"name":"Redmi  101","description":"Gama Alta de Huawei","price":1100}

00:59:57.703 [pool-2-thread-2] INFO  com.intuit.karate - karate.env system property was: null 
00:59:57.703 [pool-2-thread-3] INFO  com.intuit.karate - karate.env system property was: null 
00:59:57.705 [pool-2-thread-5] INFO  com.intuit.karate - karate.env system property was: null 
00:59:57.707 [pool-2-thread-5] INFO  com.intuit.karate - [print] http://localhost:8084 
00:59:57.708 [pool-2-thread-2] DEBUG com.intuit.karate - request:
1 > POST http://localhost:8084/api/v1/product/
1 > Accept: application/json
1 > Content-Type: application/json; charset=UTF-8
1 > Content-Length: 70
1 > Host: localhost:8084
1 > Connection: Keep-Alive
1 > User-Agent: Apache-HttpClient/4.5.14 (Java/17.0.10)
1 > Accept-Encoding: gzip,deflate
{"name":"Redmi  102","description":"Gama Alta de Huawei","price":1200}

00:59:57.708 [pool-2-thread-3] DEBUG com.intuit.karate - request:
1 > POST http://localhost:8084/api/v1/product/
1 > Accept: application/json
1 > Content-Type: application/json; charset=UTF-8
1 > Content-Length: 70
1 > Host: localhost:8084
1 > Connection: Keep-Alive
1 > User-Agent: Apache-HttpClient/4.5.14 (Java/17.0.10)
1 > Accept-Encoding: gzip,deflate
{"name":"Redmi  103","description":"Gama Alta de Huawei","price":1300}

00:59:57.710 [pool-2-thread-4] DEBUG com.intuit.karate - response time in milliseconds: 10
1 < 201
1 < Content-Type: application/json
1 < Transfer-Encoding: chunked
1 < Date: Tue, 23 Apr 2024 05:59:57 GMT
1 < Keep-Alive: timeout=60
1 < Connection: keep-alive
{"sku":"9baf0f11-df42-453e-a9fb-f58a992fffca","status":true,"message":"El producto fue creado con éxito!"}

00:59:57.711 [pool-2-thread-2] DEBUG com.intuit.karate - response time in milliseconds: 3
1 < 201
1 < Content-Type: application/json
1 < Transfer-Encoding: chunked
1 < Date: Tue, 23 Apr 2024 05:59:57 GMT
1 < Keep-Alive: timeout=60
1 < Connection: keep-alive
{"sku":"130b1124-8f86-4542-837d-7f784e7160d5","status":true,"message":"El producto fue creado con éxito!"}

00:59:57.712 [pool-2-thread-3] DEBUG com.intuit.karate - response time in milliseconds: 3
1 < 201
1 < Content-Type: application/json
1 < Transfer-Encoding: chunked
1 < Date: Tue, 23 Apr 2024 05:59:57 GMT
1 < Keep-Alive: timeout=60
1 < Connection: keep-alive
{"sku":"c92818b0-0013-4f6e-841f-ddf353a3782b","status":true,"message":"El producto fue creado con éxito!"}

00:59:57.719 [pool-2-thread-5] INFO  com.intuit.karate - >> lock acquired, begin callonce: read("nuevo.feature")
00:59:57.722 [pool-2-thread-2] INFO  com.intuit.karate - karate.env system property was: null 
00:59:57.722 [pool-2-thread-3] INFO  com.intuit.karate - karate.env system property was: null 
00:59:57.728 [pool-2-thread-2] INFO  com.intuit.karate - >> lock acquired, begin callonce: read("nuevo.feature")
00:59:57.739 [pool-2-thread-2] DEBUG com.intuit.karate - request:
1 > POST http://localhost:8084/api/v1/product/
1 > Accept: application/json
1 > Content-Type: application/json; charset=UTF-8
1 > Content-Length: 69
1 > Host: localhost:8084
1 > Connection: Keep-Alive
1 > User-Agent: Apache-HttpClient/4.5.14 (Java/17.0.10)
1 > Accept-Encoding: gzip,deflate
{"name":"Iphone 900","description":"Gama Alta de Apple","price":3000}

00:59:57.740 [pool-2-thread-5] DEBUG com.intuit.karate - request:
1 > POST http://localhost:8084/api/v1/product/
1 > Accept: application/json
1 > Content-Type: application/json; charset=UTF-8
1 > Content-Length: 69
1 > Host: localhost:8084
1 > Connection: Keep-Alive
1 > User-Agent: Apache-HttpClient/4.5.14 (Java/17.0.10)
1 > Accept-Encoding: gzip,deflate
{"name":"Iphone 900","description":"Gama Alta de Apple","price":3000}

00:59:57.750 [pool-2-thread-2] DEBUG com.intuit.karate - response time in milliseconds: 10
1 < 201
1 < Content-Type: application/json
1 < Transfer-Encoding: chunked
1 < Date: Tue, 23 Apr 2024 05:59:57 GMT
1 < Keep-Alive: timeout=60
1 < Connection: keep-alive
{"sku":"b9e99bdd-832c-4a63-be5d-29bd93eb1915","status":true,"message":"El producto fue creado con éxito!"}

00:59:57.752 [pool-2-thread-1] INFO  com.intuit.karate - karate.env system property was: null 
00:59:57.752 [pool-2-thread-2] INFO  com.intuit.karate - << lock released, cached callonce: read("nuevo.feature")
00:59:57.753 [pool-2-thread-3] WARN  com.intuit.karate - this thread waited 24 milliseconds for callonce lock: read("nuevo.feature")
00:59:57.753 [pool-2-thread-4] INFO  com.intuit.karate - karate.env system property was: null 
00:59:57.755 [pool-2-thread-3] INFO  com.intuit.karate - [print] {
  "sku": "b9e99bdd-832c-4a63-be5d-29bd93eb1915",
  "status": true,
  "message": "El producto fue creado con éxito!"
}
 
00:59:57.755 [pool-2-thread-2] INFO  com.intuit.karate - [print] {
  "sku": "b9e99bdd-832c-4a63-be5d-29bd93eb1915",
  "status": true,
  "message": "El producto fue creado con éxito!"
}
 
00:59:57.755 [pool-2-thread-5] DEBUG com.intuit.karate - response time in milliseconds: 15
1 < 201
1 < Content-Type: application/json
1 < Transfer-Encoding: chunked
1 < Date: Tue, 23 Apr 2024 05:59:57 GMT
1 < Keep-Alive: timeout=60
1 < Connection: keep-alive
{"sku":"26aa8a57-4718-4ad4-a05e-04cf227138e5","status":true,"message":"El producto fue creado con éxito!"}

00:59:57.756 [pool-2-thread-5] INFO  com.intuit.karate - << lock released, cached callonce: read("nuevo.feature")
00:59:57.757 [pool-2-thread-1] INFO  com.intuit.karate - [print] {
  "sku": "b9e99bdd-832c-4a63-be5d-29bd93eb1915",
  "status": true,
  "message": "El producto fue creado con éxito!"
}
 
00:59:57.760 [pool-2-thread-3] DEBUG com.intuit.karate - request:
1 > PUT http://localhost:8084/api/v1/product/b9e99bdd-832c-4a63-be5d-29bd93eb1915/
1 > Accept: application/json
1 > Content-Type: application/json; charset=UTF-8
1 > Content-Length: 70
1 > Host: localhost:8084
1 > Connection: Keep-Alive
1 > User-Agent: Apache-HttpClient/4.5.14 (Java/17.0.10)
1 > Accept-Encoding: gzip,deflate
{"name":"Redmi  102","description":"Gama Alta de Huawei","price":1200}

00:59:57.760 [pool-2-thread-2] DEBUG com.intuit.karate - request:
1 > PUT http://localhost:8084/api/v1/product/b9e99bdd-832c-4a63-be5d-29bd93eb1915/
1 > Accept: application/json
1 > Content-Type: application/json; charset=UTF-8
1 > Content-Length: 70
1 > Host: localhost:8084
1 > Connection: Keep-Alive
1 > User-Agent: Apache-HttpClient/4.5.14 (Java/17.0.10)
1 > Accept-Encoding: gzip,deflate
{"name":"Redmi  101","description":"Gama Alta de Huawei","price":1100}

00:59:57.761 [pool-2-thread-5] DEBUG com.intuit.karate - request:
1 > DELETE http://localhost:8084/api/v1/product/26aa8a57-4718-4ad4-a05e-04cf227138e5/
1 > Accept: application/json
1 > Host: localhost:8084
1 > Connection: Keep-Alive
1 > User-Agent: Apache-HttpClient/4.5.14 (Java/17.0.10)
1 > Accept-Encoding: gzip,deflate


00:59:57.762 [pool-2-thread-1] DEBUG com.intuit.karate - request:
1 > PUT http://localhost:8084/api/v1/product/b9e99bdd-832c-4a63-be5d-29bd93eb1915/
1 > Accept: application/json
1 > Content-Type: application/json; charset=UTF-8
1 > Content-Length: 70
1 > Host: localhost:8084
1 > Connection: Keep-Alive
1 > User-Agent: Apache-HttpClient/4.5.14 (Java/17.0.10)
1 > Accept-Encoding: gzip,deflate
{"name":"Redmi  103","description":"Gama Alta de Huawei","price":1300}

00:59:57.764 [pool-2-thread-3] DEBUG com.intuit.karate - response time in milliseconds: 4
1 < 200
1 < Content-Type: application/json
1 < Transfer-Encoding: chunked
1 < Date: Tue, 23 Apr 2024 05:59:57 GMT
1 < Keep-Alive: timeout=60
1 < Connection: keep-alive
{"sku":"b9e99bdd-832c-4a63-be5d-29bd93eb1915","status":true,"message":"El producto fue actualizado con éxito"}

00:59:57.765 [pool-2-thread-2] DEBUG com.intuit.karate - response time in milliseconds: 5
1 < 200
1 < Content-Type: application/json
1 < Transfer-Encoding: chunked
1 < Date: Tue, 23 Apr 2024 05:59:57 GMT
1 < Keep-Alive: timeout=60
1 < Connection: keep-alive
{"sku":"b9e99bdd-832c-4a63-be5d-29bd93eb1915","status":true,"message":"El producto fue actualizado con éxito"}

00:59:57.769 [pool-2-thread-1] DEBUG com.intuit.karate - response time in milliseconds: 5
1 < 200
1 < Content-Type: application/json
1 < Transfer-Encoding: chunked
1 < Date: Tue, 23 Apr 2024 05:59:57 GMT
1 < Keep-Alive: timeout=60
1 < Connection: keep-alive
{"sku":"b9e99bdd-832c-4a63-be5d-29bd93eb1915","status":true,"message":"El producto fue actualizado con éxito"}

00:59:57.776 [pool-2-thread-5] DEBUG com.intuit.karate - response time in milliseconds: 14
1 < 200
1 < Content-Type: application/json
1 < Transfer-Encoding: chunked
1 < Date: Tue, 23 Apr 2024 05:59:57 GMT
1 < Keep-Alive: timeout=60
1 < Connection: keep-alive
{"count":1,"status":true,"message":"El producto fue eliminado con éxito"}

00:59:57.776 [pool-2-thread-3] INFO  com.intuit.karate - karate.env system property was: null 
00:59:57.776 [pool-2-thread-2] INFO  com.intuit.karate - karate.env system property was: null 
00:59:57.780 [pool-2-thread-1] INFO  com.intuit.karate - karate.env system property was: null 
00:59:57.781 [pool-2-thread-2] DEBUG com.intuit.karate - request:
1 > POST http://localhost:8084/api/v1/product/
1 > Accept: application/json
1 > Content-Type: application/json; charset=UTF-8
1 > Content-Length: 69
1 > Host: localhost:8084
1 > Connection: Keep-Alive
1 > User-Agent: Apache-HttpClient/4.5.14 (Java/17.0.10)
1 > Accept-Encoding: gzip,deflate
{"name":"Iphone 900","description":"Gama Alta de Apple","price":3000}

00:59:57.782 [pool-2-thread-3] DEBUG com.intuit.karate - request:
1 > POST http://localhost:8084/api/v1/product/
1 > Accept: application/json
1 > Content-Type: application/json; charset=UTF-8
1 > Content-Length: 69
1 > Host: localhost:8084
1 > Connection: Keep-Alive
1 > User-Agent: Apache-HttpClient/4.5.14 (Java/17.0.10)
1 > Accept-Encoding: gzip,deflate
{"name":"Iphone 900","description":"Gama Alta de Apple","price":3000}

00:59:57.784 [pool-2-thread-1] DEBUG com.intuit.karate - request:
1 > POST http://localhost:8084/api/v1/product/
1 > Accept: application/json
1 > Content-Type: application/json; charset=UTF-8
1 > Content-Length: 69
1 > Host: localhost:8084
1 > Connection: Keep-Alive
1 > User-Agent: Apache-HttpClient/4.5.14 (Java/17.0.10)
1 > Accept-Encoding: gzip,deflate
{"name":"Iphone 900","description":"Gama Alta de Apple","price":3000}

00:59:57.786 [pool-2-thread-5] INFO  com.intuit.karate - karate.env system property was: null 
00:59:57.788 [pool-2-thread-2] DEBUG com.intuit.karate - response time in milliseconds: 6
1 < 201
1 < Content-Type: application/json
1 < Transfer-Encoding: chunked
1 < Date: Tue, 23 Apr 2024 05:59:57 GMT
1 < Keep-Alive: timeout=60
1 < Connection: keep-alive
{"sku":"e9ccbf70-4b2c-4e34-8635-918044798548","status":true,"message":"El producto fue creado con éxito!"}

00:59:57.788 [pool-2-thread-3] DEBUG com.intuit.karate - response time in milliseconds: 6
1 < 201
1 < Content-Type: application/json
1 < Transfer-Encoding: chunked
1 < Date: Tue, 23 Apr 2024 05:59:57 GMT
1 < Keep-Alive: timeout=60
1 < Connection: keep-alive
{"sku":"29bb2275-c9de-4a4d-bf27-656090679d9d","status":true,"message":"El producto fue creado con éxito!"}

00:59:57.791 [pool-2-thread-5] DEBUG com.intuit.karate - request:
1 > POST http://localhost:8084/api/v1/product/
1 > Accept: application/json
1 > Content-Type: application/json; charset=UTF-8
1 > Content-Length: 69
1 > Host: localhost:8084
1 > Connection: Keep-Alive
1 > User-Agent: Apache-HttpClient/4.5.14 (Java/17.0.10)
1 > Accept-Encoding: gzip,deflate
{"name":"Iphone 900","description":"Gama Alta de Apple","price":3000}

00:59:57.780 [pool-2-thread-4] DEBUG com.intuit.karate - request:
1 > POST http://localhost:8084/api/v1/product/
1 > Accept: application/json
1 > Content-Type: application/json; charset=UTF-8
1 > Content-Length: 54
1 > Host: localhost:8084
1 > Connection: Keep-Alive
1 > User-Agent: Apache-HttpClient/4.5.14 (Java/17.0.10)
1 > Accept-Encoding: gzip,deflate
{"name":"","description":"<description>","price":1100}

00:59:57.791 [pool-2-thread-2] DEBUG com.intuit.karate - request:
2 > PUT http://localhost:8084/api/v1/product/e9ccbf70-4b2c-4e34-8635-918044798548/
2 > Accept: application/json
2 > Content-Type: application/json; charset=UTF-8
2 > Content-Length: 61
2 > Host: localhost:8084
2 > Connection: Keep-Alive
2 > User-Agent: Apache-HttpClient/4.5.14 (Java/17.0.10)
2 > Accept-Encoding: gzip,deflate
{"name":"","description":"Gama Alta de Apple 4","price":2300}

00:59:57.796 [pool-2-thread-4] DEBUG com.intuit.karate - response time in milliseconds: 4
1 < 400
1 < Content-Type: application/json
1 < Transfer-Encoding: chunked
1 < Date: Tue, 23 Apr 2024 05:59:57 GMT
1 < Connection: close
{"sku":"","status":false,"message":"El nombre del producto no fue proporcionado"}

00:59:57.796 [pool-2-thread-2] DEBUG com.intuit.karate - response time in milliseconds: 4
2 < 400
2 < Content-Type: application/json
2 < Transfer-Encoding: chunked
2 < Date: Tue, 23 Apr 2024 05:59:57 GMT
2 < Connection: close
{"sku":"e9ccbf70-4b2c-4e34-8635-918044798548","status":false,"message":"El nuevo nombre no debe estar en blanco"}

00:59:57.796 [pool-2-thread-5] DEBUG com.intuit.karate - response time in milliseconds: 5
1 < 201
1 < Content-Type: application/json
1 < Transfer-Encoding: chunked
1 < Date: Tue, 23 Apr 2024 05:59:57 GMT
1 < Keep-Alive: timeout=60
1 < Connection: keep-alive
{"sku":"8a6cf70a-bd22-4c7c-96b7-447b30b14173","status":true,"message":"El producto fue creado con éxito!"}

00:59:57.796 [pool-2-thread-3] INFO  com.intuit.karate - karate.env system property was: null 
00:59:57.800 [pool-2-thread-3] DEBUG com.intuit.karate - request:
1 > POST http://localhost:8084/api/v1/product/
1 > Accept: application/json
1 > Content-Type: application/json; charset=UTF-8
1 > Content-Length: 69
1 > Host: localhost:8084
1 > Connection: Keep-Alive
1 > User-Agent: Apache-HttpClient/4.5.14 (Java/17.0.10)
1 > Accept-Encoding: gzip,deflate
{"name":"Iphone 900","description":"Gama Alta de Apple","price":3000}

00:59:57.800 [pool-2-thread-5] DEBUG com.intuit.karate - request:
2 > PUT http://localhost:8084/api/v1/product/8a6cf70a-bd22-4c7c-96b7-447b30b14173/
2 > Accept: application/json
2 > Content-Type: application/json; charset=UTF-8
2 > Content-Length: 79
2 > Host: localhost:8084
2 > Connection: Keep-Alive
2 > User-Agent: Apache-HttpClient/4.5.14 (Java/17.0.10)
2 > Accept-Encoding: gzip,deflate
{"name":"Iphone Actualizado 4","description":"Gama Alta de Apple 4","price":""}

00:59:57.804 [pool-2-thread-1] DEBUG com.intuit.karate - response time in milliseconds: 20
1 < 201
1 < Content-Type: application/json
1 < Transfer-Encoding: chunked
1 < Date: Tue, 23 Apr 2024 05:59:57 GMT
1 < Keep-Alive: timeout=60
1 < Connection: keep-alive
{"sku":"fab25c38-f0b2-417b-a037-0dc1444103e2","status":true,"message":"El producto fue creado con éxito!"}

00:59:57.804 [pool-2-thread-2] INFO  com.intuit.karate - karate.env system property was: null 
00:59:57.807 [pool-2-thread-5] DEBUG com.intuit.karate - response time in milliseconds: 7
2 < 400
2 < Content-Type: application/json
2 < Transfer-Encoding: chunked
2 < Date: Tue, 23 Apr 2024 05:59:57 GMT
2 < Connection: close
{"sku":"8a6cf70a-bd22-4c7c-96b7-447b30b14173","status":false,"message":"El nuevo precio debe ser mayor a cero"}

00:59:57.808 [pool-2-thread-2] DEBUG com.intuit.karate - request:
1 > POST http://localhost:8084/api/v1/product/
1 > Accept: application/json
1 > Content-Type: application/json; charset=UTF-8
1 > Content-Length: 69
1 > Host: localhost:8084
1 > Connection: Keep-Alive
1 > User-Agent: Apache-HttpClient/4.5.14 (Java/17.0.10)
1 > Accept-Encoding: gzip,deflate
{"name":"Iphone 900","description":"Gama Alta de Apple","price":3000}

00:59:57.809 [pool-2-thread-3] DEBUG com.intuit.karate - response time in milliseconds: 9
1 < 201
1 < Content-Type: application/json
1 < Transfer-Encoding: chunked
1 < Date: Tue, 23 Apr 2024 05:59:57 GMT
1 < Keep-Alive: timeout=60
1 < Connection: keep-alive
{"sku":"761927c1-a87f-458f-8c88-b9831cd4bce0","status":true,"message":"El producto fue creado con éxito!"}

00:59:57.812 [pool-2-thread-4] ERROR com.intuit.karate - classpath:examples/users/insertar.feature:11
Then status 201
status code was: 400, expected: 201, response time in milliseconds: 4, url: http://localhost:8084/api/v1/product/, response: 
{"sku":"","status":false,"message":"El nombre del producto no fue proporcionado"}
classpath:examples/users/insertar.feature:11
00:59:57.812 [pool-2-thread-1] DEBUG com.intuit.karate - request:
2 > PUT http://localhost:8084/api/v1/product/fab25c38-f0b2-417b-a037-0dc1444103e2/
2 > Accept: application/json
2 > Content-Type: application/json; charset=UTF-8
2 > Content-Length: 61
2 > Host: localhost:8084
2 > Connection: Keep-Alive
2 > User-Agent: Apache-HttpClient/4.5.14 (Java/17.0.10)
2 > Accept-Encoding: gzip,deflate
{"name":"Iphone Actualizado 3","description":"","price":2300}

00:59:57.812 [pool-2-thread-3] DEBUG com.intuit.karate - request:
2 > PUT http://localhost:8084/api/v1/product/761927c1-a87f-458f-8c88-b9831cd4bce0/
2 > Accept: application/json
2 > Content-Type: application/json; charset=UTF-8
2 > Content-Length: 63
2 > Host: localhost:8084
2 > Connection: Keep-Alive
2 > User-Agent: Apache-HttpClient/4.5.14 (Java/17.0.10)
2 > Accept-Encoding: gzip,deflate
{"name":"","description":"Iphone Actualizado 4","price":"2300"}

00:59:57.814 [pool-2-thread-2] DEBUG com.intuit.karate - response time in milliseconds: 6
1 < 201
1 < Content-Type: application/json
1 < Transfer-Encoding: chunked
1 < Date: Tue, 23 Apr 2024 05:59:57 GMT
1 < Keep-Alive: timeout=60
1 < Connection: keep-alive
{"sku":"b409d178-097a-45d9-ae72-323b92a41453","status":true,"message":"El producto fue creado con éxito!"}

00:59:57.818 [pool-2-thread-2] DEBUG com.intuit.karate - request:
2 > PUT http://localhost:8084/api/v1/product/b409d178-097a-45d9-ae72-323b92a41453/
2 > Accept: application/json
2 > Content-Type: application/json; charset=UTF-8
2 > Content-Length: 63
2 > Host: localhost:8084
2 > Connection: Keep-Alive
2 > User-Agent: Apache-HttpClient/4.5.14 (Java/17.0.10)
2 > Accept-Encoding: gzip,deflate
{"name":"Iphone Actualizado 3","description":"","price":"2300"}

00:59:57.819 [pool-2-thread-3] DEBUG com.intuit.karate - response time in milliseconds: 6
2 < 400
2 < Content-Type: application/json
2 < Transfer-Encoding: chunked
2 < Date: Tue, 23 Apr 2024 05:59:57 GMT
2 < Connection: close
{"sku":"761927c1-a87f-458f-8c88-b9831cd4bce0","status":false,"message":"El nuevo nombre no debe estar en blanco"}

00:59:57.826 [pool-2-thread-4] INFO  com.intuit.karate - karate.env system property was: null 
00:59:57.827 [pool-2-thread-3] INFO  com.intuit.karate - karate.env system property was: null 
00:59:57.837 [pool-2-thread-3] DEBUG com.intuit.karate - request:
1 > POST http://localhost:8084/api/v1/product/
1 > Accept: application/json
1 > Content-Type: application/json; charset=UTF-8
1 > Content-Length: 47
1 > Host: localhost:8084
1 > Connection: Keep-Alive
1 > User-Agent: Apache-HttpClient/4.5.14 (Java/17.0.10)
1 > Accept-Encoding: gzip,deflate
{"name":"Huawei","description":"","price":1100}

00:59:57.837 [pool-2-thread-1] DEBUG com.intuit.karate - response time in milliseconds: 24
2 < 400
2 < Content-Type: application/json
2 < Transfer-Encoding: chunked
2 < Date: Tue, 23 Apr 2024 05:59:57 GMT
2 < Connection: close
{"sku":"fab25c38-f0b2-417b-a037-0dc1444103e2","status":false,"message":"La nueva descripción no debe estar en blanco"}

00:59:57.842 [pool-2-thread-5] INFO  com.intuit.karate - karate.env system property was: null 
00:59:57.845 [pool-2-thread-1] INFO  com.intuit.karate - karate.env system property was: null 
00:59:57.845 [pool-2-thread-3] DEBUG com.intuit.karate - response time in milliseconds: 7
1 < 400
1 < Content-Type: application/json
1 < Transfer-Encoding: chunked
1 < Date: Tue, 23 Apr 2024 05:59:57 GMT
1 < Connection: close
{"sku":"","status":false,"message":"La descripción del producto no fue proporcionada"}

00:59:57.847 [pool-2-thread-2] DEBUG com.intuit.karate - response time in milliseconds: 28
2 < 400
2 < Content-Type: application/json
2 < Transfer-Encoding: chunked
2 < Date: Tue, 23 Apr 2024 05:59:57 GMT
2 < Connection: close
{"sku":"b409d178-097a-45d9-ae72-323b92a41453","status":false,"message":"La nueva descripción no debe estar en blanco"}

00:59:57.847 [pool-2-thread-4] DEBUG com.intuit.karate - request:
1 > POST http://localhost:8084/api/v1/product/
1 > Accept: application/json
1 > Content-Type: application/json; charset=UTF-8
1 > Content-Length: 60
1 > Host: localhost:8084
1 > Connection: Keep-Alive
1 > User-Agent: Apache-HttpClient/4.5.14 (Java/17.0.10)
1 > Accept-Encoding: gzip,deflate
{"name":"","description":"Gama Alta de Huawei","price":1100}

00:59:57.845 [pool-2-thread-5] DEBUG com.intuit.karate - request:
1 > POST http://localhost:8084/api/v1/product/
1 > Accept: application/json
1 > Content-Type: application/json; charset=UTF-8
1 > Content-Length: 69
1 > Host: localhost:8084
1 > Connection: Keep-Alive
1 > User-Agent: Apache-HttpClient/4.5.14 (Java/17.0.10)
1 > Accept-Encoding: gzip,deflate
{"name":"Iphone 900","description":"Gama Alta de Apple","price":3000}

00:59:57.849 [pool-2-thread-1] DEBUG com.intuit.karate - request:
1 > POST http://localhost:8084/api/v1/product/
1 > Accept: application/json
1 > Content-Type: application/json; charset=UTF-8
1 > Content-Length: 53
1 > Host: localhost:8084
1 > Connection: Keep-Alive
1 > User-Agent: Apache-HttpClient/4.5.14 (Java/17.0.10)
1 > Accept-Encoding: gzip,deflate
{"name":"Huawei","description":"Gama Alta de Huawei"}

00:59:57.853 [pool-2-thread-5] DEBUG com.intuit.karate - response time in milliseconds: 3
1 < 201
1 < Content-Type: application/json
1 < Transfer-Encoding: chunked
1 < Date: Tue, 23 Apr 2024 05:59:57 GMT
1 < Keep-Alive: timeout=60
1 < Connection: keep-alive
{"sku":"a30920c1-dec9-4d05-866e-abc2b333d6bd","status":true,"message":"El producto fue creado con éxito!"}

00:59:57.853 [pool-2-thread-1] DEBUG com.intuit.karate - response time in milliseconds: 4
1 < 400
1 < Content-Type: application/json
1 < Transfer-Encoding: chunked
1 < Date: Tue, 23 Apr 2024 05:59:57 GMT
1 < Connection: close
{"sku":"","status":false,"message":"El precio del producto no fue proporcionado"}

00:59:57.853 [pool-2-thread-3] INFO  com.intuit.karate - karate.env system property was: null 
00:59:57.853 [pool-2-thread-2] INFO  com.intuit.karate - karate.env system property was: null 
00:59:57.855 [pool-2-thread-3] INFO  com.intuit.karate - [print] http://localhost:8084 
00:59:57.855 [pool-2-thread-5] DEBUG com.intuit.karate - request:
2 > PUT http://localhost:8084/api/v1/product/a30920c1-dec9-4d05-866e-abc2b333d6bd/
2 > Accept: application/json
2 > Content-Type: application/json; charset=UTF-8
2 > Content-Length: 79
2 > Host: localhost:8084
2 > Connection: Keep-Alive
2 > User-Agent: Apache-HttpClient/4.5.14 (Java/17.0.10)
2 > Accept-Encoding: gzip,deflate
{"name":"Iphone Actualizado 4","description":"Gama Alta de Apple 4","price":""}

00:59:57.856 [pool-2-thread-2] INFO  com.intuit.karate - >> lock acquired, begin callonce: read("nuevo.feature")
00:59:57.863 [pool-2-thread-4] DEBUG com.intuit.karate - response time in milliseconds: 15
1 < 400
1 < Content-Type: application/json
1 < Transfer-Encoding: chunked
1 < Date: Tue, 23 Apr 2024 05:59:57 GMT
1 < Connection: close
{"sku":"","status":false,"message":"El nombre del producto no fue proporcionado"}

00:59:57.867 [pool-2-thread-5] DEBUG com.intuit.karate - response time in milliseconds: 11
2 < 400
2 < Content-Type: application/json
2 < Transfer-Encoding: chunked
2 < Date: Tue, 23 Apr 2024 05:59:57 GMT
2 < Connection: close
{"sku":"a30920c1-dec9-4d05-866e-abc2b333d6bd","status":false,"message":"El nuevo precio debe ser mayor a cero"}

00:59:57.868 [pool-2-thread-1] INFO  com.intuit.karate - karate.env system property was: null 
00:59:57.872 [pool-2-thread-2] DEBUG com.intuit.karate - request:
1 > POST http://localhost:8084/api/v1/product/
1 > Accept: application/json
1 > Content-Type: application/json; charset=UTF-8
1 > Content-Length: 69
1 > Host: localhost:8084
1 > Connection: Keep-Alive
1 > User-Agent: Apache-HttpClient/4.5.14 (Java/17.0.10)
1 > Accept-Encoding: gzip,deflate
{"name":"Iphone 900","description":"Gama Alta de Apple","price":3000}

00:59:57.876 [pool-2-thread-4] INFO  com.intuit.karate - karate.env system property was: null 
00:59:57.876 [pool-2-thread-5] INFO  com.intuit.karate - karate.env system property was: null 
00:59:57.876 [pool-2-thread-2] DEBUG com.intuit.karate - response time in milliseconds: 3
1 < 201
1 < Content-Type: application/json
1 < Transfer-Encoding: chunked
1 < Date: Tue, 23 Apr 2024 05:59:57 GMT
1 < Keep-Alive: timeout=60
1 < Connection: keep-alive
{"sku":"87e8b486-557e-4f89-9bfb-e9effc3699cf","status":true,"message":"El producto fue creado con éxito!"}

00:59:57.877 [pool-2-thread-2] INFO  com.intuit.karate - << lock released, cached callonce: read("nuevo.feature")
00:59:57.879 [pool-2-thread-2] INFO  com.intuit.karate - [print] {
  "sku": "87e8b486-557e-4f89-9bfb-e9effc3699cf",
  "status": true,
  "message": "El producto fue creado con éxito!"
}
 
00:59:57.879 [pool-2-thread-1] WARN  com.intuit.karate - this thread waited 9 milliseconds for callonce lock: read("nuevo.feature")
00:59:57.879 [pool-2-thread-1] INFO  com.intuit.karate - [print] {
  "sku": "87e8b486-557e-4f89-9bfb-e9effc3699cf",
  "status": true,
  "message": "El producto fue creado con éxito!"
}
 
00:59:57.881 [pool-2-thread-2] DEBUG com.intuit.karate - request:
1 > PUT http://localhost:8084/api/v1/product/87e8b486-557e-4f89-9bfb-e9effc3699cf/
1 > Accept: application/json
1 > Content-Type: application/json; charset=UTF-8
1 > Content-Length: 63
1 > Host: localhost:8084
1 > Connection: Keep-Alive
1 > User-Agent: Apache-HttpClient/4.5.14 (Java/17.0.10)
1 > Accept-Encoding: gzip,deflate
{"name":"","description":"Iphone Actualizado 4","price":"2300"}

00:59:57.882 [pool-2-thread-1] DEBUG com.intuit.karate - request:
1 > PUT http://localhost:8084/api/v1/product/87e8b486-557e-4f89-9bfb-e9effc3699cf/
1 > Accept: application/json
1 > Content-Type: application/json; charset=UTF-8
1 > Content-Length: 63
1 > Host: localhost:8084
1 > Connection: Keep-Alive
1 > User-Agent: Apache-HttpClient/4.5.14 (Java/17.0.10)
1 > Accept-Encoding: gzip,deflate
{"name":"Iphone Actualizado 3","description":"","price":"2300"}

00:59:57.882 [pool-2-thread-4] INFO  com.intuit.karate - [print] {
  "sku": "87e8b486-557e-4f89-9bfb-e9effc3699cf",
  "status": true,
  "message": "El producto fue creado con éxito!"
}
 
00:59:57.884 [pool-2-thread-5] DEBUG com.intuit.karate - request:
1 > POST http://localhost:8084/api/v1/product/
1 > Accept: application/json
1 > Content-Type: application/json; charset=UTF-8
1 > Content-Length: 69
1 > Host: localhost:8084
1 > Connection: Keep-Alive
1 > User-Agent: Apache-HttpClient/4.5.14 (Java/17.0.10)
1 > Accept-Encoding: gzip,deflate
{"name":"Iphone 900","description":"Gama Alta de Apple","price":3000}

00:59:57.887 [pool-2-thread-4] DEBUG com.intuit.karate - request:
1 > PUT http://localhost:8084/api/v1/product/87e8b486-557e-4f89-9bfb-e9effc3699cf/
1 > Accept: application/json
1 > Content-Type: application/json; charset=UTF-8
1 > Content-Length: 79
1 > Host: localhost:8084
1 > Connection: Keep-Alive
1 > User-Agent: Apache-HttpClient/4.5.14 (Java/17.0.10)
1 > Accept-Encoding: gzip,deflate
{"name":"Iphone Actualizado 4","description":"Gama Alta de Apple 4","price":""}

00:59:57.888 [pool-2-thread-2] DEBUG com.intuit.karate - response time in milliseconds: 7
1 < 400
1 < Content-Type: application/json
1 < Transfer-Encoding: chunked
1 < Date: Tue, 23 Apr 2024 05:59:57 GMT
1 < Connection: close
{"sku":"87e8b486-557e-4f89-9bfb-e9effc3699cf","status":false,"message":"El nuevo nombre no debe estar en blanco"}

00:59:57.890 [pool-2-thread-5] DEBUG com.intuit.karate - response time in milliseconds: 5
1 < 201
1 < Content-Type: application/json
1 < Transfer-Encoding: chunked
1 < Date: Tue, 23 Apr 2024 05:59:57 GMT
1 < Keep-Alive: timeout=60
1 < Connection: keep-alive
{"sku":"946f364f-3272-4f10-8d99-358464c4a6d5","status":true,"message":"El producto fue creado con éxito!"}

00:59:57.893 [pool-2-thread-3] ERROR com.intuit.karate - classpath:examples/users/sadPtah/eliminarinvalido.feature:6
* def feature_result = callonce read("")
js failed:
>>>>
01: read("")
<<<<
org.graalvm.polyglot.PolyglotException: java.io.FileNotFoundException: D:\com.jbenterprice\target\test-classes\examples\users\sadPtah (Acceso denegado)
- com.intuit.karate.resource.FileResource.getStream(FileResource.java:98)
- com.intuit.karate.core.ScenarioFileReader.readFileAsStream(ScenarioFileReader.java:99)
- com.intuit.karate.core.ScenarioFileReader.readFile(ScenarioFileReader.java:76)
- com.intuit.karate.core.ScenarioEngine.lambda$new$0(ScenarioEngine.java:124)
- <js>.:program(Unnamed:1)

classpath:examples/users/sadPtah/eliminarinvalido.feature:6
00:59:57.893 [pool-2-thread-4] DEBUG com.intuit.karate - response time in milliseconds: 6
1 < 400
1 < Content-Type: application/json
1 < Transfer-Encoding: chunked
1 < Date: Tue, 23 Apr 2024 05:59:57 GMT
1 < Connection: close
{"sku":"87e8b486-557e-4f89-9bfb-e9effc3699cf","status":false,"message":"El nuevo precio debe ser mayor a cero"}

00:59:57.895 [pool-2-thread-1] DEBUG com.intuit.karate - response time in milliseconds: 13
1 < 400
1 < Content-Type: application/json
1 < Transfer-Encoding: chunked
1 < Date: Tue, 23 Apr 2024 05:59:57 GMT
1 < Connection: close
{"sku":"87e8b486-557e-4f89-9bfb-e9effc3699cf","status":false,"message":"La nueva descripción no debe estar en blanco"}

---------------------------------------------------------
feature: classpath:examples/users/actualizar.feature
scenarios:  3 | passed:  3 | failed:  0 | time: 1.0164
---------------------------------------------------------

00:59:58.514 [pool-3-thread-1] INFO  com.intuit.karate.Suite - <<pass>> feature 1 of 11 (10 remaining) classpath:examples/users/actualizar.feature
---------------------------------------------------------
feature: classpath:examples/users/create.feature
scenarios:  7 | passed:  7 | failed:  0 | time: 0.6549
---------------------------------------------------------

00:59:58.665 [pool-3-thread-1] INFO  com.intuit.karate.Suite - <<pass>> feature 2 of 11 (9 remaining) classpath:examples/users/create.feature
---------------------------------------------------------
feature: classpath:examples/users/eliminar.feature
scenarios:  1 | passed:  1 | failed:  0 | time: 0.0713
---------------------------------------------------------

00:59:58.770 [pool-3-thread-1] INFO  com.intuit.karate.Suite - <<pass>> feature 3 of 11 (8 remaining) classpath:examples/users/eliminar.feature
---------------------------------------------------------
feature: classpath:examples/users/insertar.feature
scenarios:  1 | passed:  0 | failed:  1 | time: 0.0387
---------------------------------------------------------

00:59:58.793 [pool-3-thread-1] INFO  com.intuit.karate.Suite - <<fail>> feature 4 of 11 (7 remaining) classpath:examples/users/insertar.feature
---------------------------------------------------------
feature: classpath:examples/users/modificar.feature
scenarios:  3 | passed:  3 | failed:  0 | time: 0.1021
---------------------------------------------------------

00:59:58.854 [pool-3-thread-1] INFO  com.intuit.karate.Suite - <<pass>> feature 5 of 11 (6 remaining) classpath:examples/users/modificar.feature
---------------------------------------------------------
feature: classpath:examples/users/nuevo.feature
scenarios:  1 | passed:  1 | failed:  0 | time: 0.0110
---------------------------------------------------------

00:59:58.877 [pool-3-thread-1] INFO  com.intuit.karate.Suite - <<pass>> feature 6 of 11 (5 remaining) classpath:examples/users/nuevo.feature
---------------------------------------------------------
feature: classpath:examples/users/sadPtah/actualizarinvalido.feature
scenarios:  6 | passed:  6 | failed:  0 | time: 0.1892
---------------------------------------------------------

00:59:58.985 [pool-3-thread-1] INFO  com.intuit.karate.Suite - <<pass>> feature 7 of 11 (4 remaining) classpath:examples/users/sadPtah/actualizarinvalido.feature
---------------------------------------------------------
feature: classpath:examples/users/sadPtah/createinvalido.feature
scenarios:  3 | passed:  3 | failed:  0 | time: 0.0667
---------------------------------------------------------

00:59:59.030 [pool-3-thread-1] INFO  com.intuit.karate.Suite - <<pass>> feature 8 of 11 (3 remaining) classpath:examples/users/sadPtah/createinvalido.feature
---------------------------------------------------------
feature: classpath:examples/users/sadPtah/eliminarinvalido.feature
scenarios:  1 | passed:  0 | failed:  1 | time: 0.0378
---------------------------------------------------------

00:59:59.050 [pool-3-thread-1] INFO  com.intuit.karate.Suite - <<fail>> feature 9 of 11 (2 remaining) classpath:examples/users/sadPtah/eliminarinvalido.feature
---------------------------------------------------------
feature: classpath:examples/users/sadPtah/modificarinvalido.feature
scenarios:  3 | passed:  3 | failed:  0 | time: 0.0812
---------------------------------------------------------

00:59:59.153 [pool-3-thread-1] INFO  com.intuit.karate.Suite - <<pass>> feature 10 of 11 (1 remaining) classpath:examples/users/sadPtah/modificarinvalido.feature
---------------------------------------------------------
feature: classpath:examples/users/sadPtah/nuevo.feature
scenarios:  1 | passed:  1 | failed:  0 | time: 0.0129
---------------------------------------------------------

00:59:59.174 [pool-3-thread-1] INFO  com.intuit.karate.Suite - <<pass>> feature 11 of 11 (0 remaining) classpath:examples/users/sadPtah/nuevo.feature
Karate version: 1.4.1
======================================================
elapsed:   3.20 | threads:    5 | thread time: 2.28 
features:    11 | skipped:    0 | efficiency: 0.14
scenarios:   30 | passed:    28 | failed: 2
======================================================
>>> failed features:
status code was: 400, expected: 201, response time in milliseconds: 4, url: http://localhost:8084/api/v1/product/, response: 
{"sku":"","status":false,"message":"El nombre del producto no fue proporcionado"}
classpath:examples/users/insertar.feature:11
js failed:
>>>>
01: read("")
<<<<
org.graalvm.polyglot.PolyglotException: java.io.FileNotFoundException: D:\com.jbenterprice\target\test-classes\examples\users\sadPtah (Acceso denegado)
- com.intuit.karate.resource.FileResource.getStream(FileResource.java:98)
- com.intuit.karate.core.ScenarioFileReader.readFileAsStream(ScenarioFileReader.java:99)
- com.intuit.karate.core.ScenarioFileReader.readFile(ScenarioFileReader.java:76)
- com.intuit.karate.core.ScenarioEngine.lambda$new$0(ScenarioEngine.java:124)
- <js>.:program(Unnamed:1)

classpath:examples/users/sadPtah/eliminarinvalido.feature:6
<<<

HTML report: (paste into browser to view) | Karate version: 1.4.1
file:///D:/com.jbenterprice/target/karate-reports/karate-summary.html
===================================================================

]]></system-out>
  </testcase>
</testsuite>